Arguments: 
  /Users/andrewcollins/.nvm/versions/node/v8.7.0/bin/node /Users/andrewcollins/.nvm/versions/node/v8.7.0/bin/yarn start

PATH: 
  /Users/andrewcollins/bin:/usr/local/bin:/usr/local/bin:/usr/bin:/bin:/usr/sbin:/sbin:/Users/andrewcollins/.nvm/versions/node/v8.7.0/bin:/Users/andrewcollins/bin

Yarn version: 
  1.5.1

Node version: 
  8.7.0

Platform: 
  darwin x64

npm manifest: 
  {
    "name": "react-ssr-codesplitting-2",
    "version": "1.0.0",
    "description": "",
    "main": "index.js",
    "files": [
      "babel.js",
      "webpack.js",
      "lib/**"
    ],
    "scripts": {
      "build": "babel src -d lib",
      "start": "npm run build && webpack && babel-node ./server.js"
    },
    "dependencies": {
      "babel-cli": "^6.24.1",
      "babel-core": "^6.26.0",
      "babel-loader": "^7.1.2",
      "babel-plugin-dynamic-import-node": "^1.2.0",
      "babel-plugin-module-resolver": "^2.7.1",
      "babel-plugin-syntax-dynamic-import": "^6.18.0",
      "babel-plugin-transform-async-to-generator": "^6.24.1",
      "babel-plugin-transform-class-properties": "^6.24.1",
      "babel-plugin-transform-object-assign": "^6.22.0",
      "babel-polyfill": "^6.26.0",
      "babel-preset-env": "^1.6.1",
      "babel-preset-es2015": "^6.24.1",
      "babel-preset-react": "^6.24.1",
      "babel-preset-stage-2": "^6.24.1",
      "express": "^4.16.1",
      "flow-bin": "^0.41.0",
      "jest": "^21.2.1",
      "prop-types": "^15.5.0",
      "react": "^16.0.0",
      "react-dom": "^16.0.0",
      "react-loadable": "^5.3.1",
      "react-test-renderer": "^16.0.0",
      "webpack": "^3.11.0"
    },
    "author": "",
    "license": "ISC",
    "devDependencies": {
      "@babel/plugin-syntax-dynamic-import": "^7.0.0-beta.40"
    }
  }

yarn manifest: 
  No manifest

Lockfile: 
  No lockfile

Trace: 
  Error: Command failed.
  Exit code: 1
  Command: sh
  Arguments: -c npm run build && webpack && babel-node ./server.js
  Directory: /Users/andrewcollins/Documents/github/testing/react-ssr-codesplitting-2
  Output:
  
      at ProcessTermError.MessageError (/Users/andrewcollins/.nvm/versions/node/v8.7.0/lib/node_modules/yarn/lib/cli.js:186:110)
      at new ProcessTermError (/Users/andrewcollins/.nvm/versions/node/v8.7.0/lib/node_modules/yarn/lib/cli.js:226:113)
      at ChildProcess.<anonymous> (/Users/andrewcollins/.nvm/versions/node/v8.7.0/lib/node_modules/yarn/lib/cli.js:30281:17)
      at emitTwo (events.js:125:13)
      at ChildProcess.emit (events.js:213:7)
      at maybeClose (internal/child_process.js:927:16)
      at Process.ChildProcess._handle.onexit (internal/child_process.js:211:5)
